<?xml version="1.0" encoding="UTF-8"?>
<!-- Generated by org.testng.reporters.JUnitReportReporter -->
<testsuite hostname="Amols-MacBook-Pro.local" failures="0" tests="3" name="org.amolaldar.AppiumFramework.StartShop" time="0.388" errors="1" timestamp="2024-10-05T09:28:54 GST" skipped="2">
  <testcase classname="org.amolaldar.AppiumFramework.StartShop" name="letsShop" time="0.000">
    <skipped/>
  </testcase> <!-- letsShop -->
  <testcase classname="org.amolaldar.AppiumFramework.StartShop" name="preSetup" time="0.388">
    <error message="An unknown server-side error occurred while processing the command. Original error: Error executing adbExec. Original error: &#039;Command &#039;/Users/catalinalive/Library/Android/sdk/platform-tools/adb -P 5037 -s emulator-5554 shell am start-activity&#039; exited with code 255&#039;; Command output: 
Exception occurred while executing &#039;start-activity&#039;:
java.lang.IllegalArgumentException: No intent supplied
	at android.content.Intent.parseCommandArgs(Intent.java:8611)
	at com.android.server.am.ActivityManagerShellCommand.makeIntent(ActivityManagerShellCommand.java:477)
	at com.android.server.am.ActivityManagerShellCommand.runStartActivity(ActivityManagerShellCommand.java:601)
	at com.android.server.am.ActivityManagerShellCommand.onCommand(ActivityManagerShellCommand.java:233)
	at com.android.modules.utils.BasicShellCommandHandler.exec(BasicShellCommandHandler.java:97)
	at android.os.ShellCommand.exec(ShellCommand.java:38)
	at com.android.server.am.ActivityManagerService.onShellCommand(ActivityManagerService.java:9697)
	at android.os.Binder.shellCommand(Binder.java:1068)
	at android.os.Binder.onTransact(Binder.java:888)
	at android.app.IActivityManager$Stub.onTransact(IActivityManager.java:5267)
	at com.android.server.am.ActivityManagerService.onTransact(ActivityManagerService.java:2720)
	at android.os.Binder.execTransactInternal(Binder.java:1344)
	at android.os.Binder.execTransact(Binder.java:1275)

Build info: version: &#039;4.25.0&#039;, revision: &#039;8a8aea2337&#039;
System info: os.name: &#039;Mac OS X&#039;, os.arch: &#039;x86_64&#039;, os.version: &#039;14.6.1&#039;, java.version: &#039;17.0.10&#039;
Driver info: io.appium.java_client.android.AndroidDriver
Command: [91f62c87-b04f-4ca0-a5f6-bbe0a3fbb3f0, executeScript {args=[{appPackage=com.androidsample.generalstore, appActivity=com.androidsample.generalstore.MainActivity, intentCategory=android.intent.category.LAUNCHER, intentFlags=0x10200000, intentAction=android.intent.action.MAIN}], script=mobile: startActivity}]
Capabilities {appium:app: /Users/catalinalive/eclipse..., appium:appPackage: com.androidsample.generalstore, appium:automationName: UIAutomator2, appium:chromedriverExecutable: /Users/catalinalive/eclipse..., appium:databaseEnabled: false, appium:desired: {app: /Users/catalinalive/eclipse..., automationName: UIAutomator2, chromedriverExecutable: /Users/catalinalive/eclipse..., deviceName: AmolAndroidDevice, platformName: ANDROID}, appium:deviceApiLevel: 34, appium:deviceManufacturer: Google, appium:deviceModel: sdk_gphone64_x86_64, appium:deviceName: emulator-5554, appium:deviceScreenDensity: 420, appium:deviceScreenSize: 1080x1920, appium:deviceUDID: emulator-5554, appium:javascriptEnabled: true, appium:locationContextEnabled: false, appium:networkConnectionEnabled: true, appium:pixelRatio: 2.625, appium:platformVersion: 14, appium:statBarHeight: 63, appium:takesScreenshot: true, appium:viewportRect: {height: 1857, left: 0, top: 63, width: 1080}, appium:warnings: {}, appium:webStorageEnabled: false, platformName: ANDROID}
Session ID: 91f62c87-b04f-4ca0-a5f6-bbe0a3fbb3f0" type="org.openqa.selenium.WebDriverException">
      <![CDATA[org.openqa.selenium.WebDriverException: An unknown server-side error occurred while processing the command. Original error: Error executing adbExec. Original error: 'Command '/Users/catalinalive/Library/Android/sdk/platform-tools/adb -P 5037 -s emulator-5554 shell am start-activity' exited with code 255'; Command output: 
Exception occurred while executing 'start-activity':
java.lang.IllegalArgumentException: No intent supplied
at android.content.Intent.parseCommandArgs(Intent.java:8611)
at com.android.server.am.ActivityManagerShellCommand.makeIntent(ActivityManagerShellCommand.java:477)
at com.android.server.am.ActivityManagerShellCommand.runStartActivity(ActivityManagerShellCommand.java:601)
at com.android.server.am.ActivityManagerShellCommand.onCommand(ActivityManagerShellCommand.java:233)
at com.android.modules.utils.BasicShellCommandHandler.exec(BasicShellCommandHandler.java:97)
at android.os.ShellCommand.exec(ShellCommand.java:38)
at com.android.server.am.ActivityManagerService.onShellCommand(ActivityManagerService.java:9697)
at android.os.Binder.shellCommand(Binder.java:1068)
at android.os.Binder.onTransact(Binder.java:888)
at android.app.IActivityManager$Stub.onTransact(IActivityManager.java:5267)
at com.android.server.am.ActivityManagerService.onTransact(ActivityManagerService.java:2720)
at android.os.Binder.execTransactInternal(Binder.java:1344)
at android.os.Binder.execTransact(Binder.java:1275)

Build info: version: '4.25.0', revision: '8a8aea2337'
System info: os.name: 'Mac OS X', os.arch: 'x86_64', os.version: '14.6.1', java.version: '17.0.10'
Driver info: io.appium.java_client.android.AndroidDriver
Command: [91f62c87-b04f-4ca0-a5f6-bbe0a3fbb3f0, executeScript {args=[{appPackage=com.androidsample.generalstore, appActivity=com.androidsample.generalstore.MainActivity, intentCategory=android.intent.category.LAUNCHER, intentFlags=0x10200000, intentAction=android.intent.action.MAIN}], script=mobile: startActivity}]
Capabilities {appium:app: /Users/catalinalive/eclipse..., appium:appPackage: com.androidsample.generalstore, appium:automationName: UIAutomator2, appium:chromedriverExecutable: /Users/catalinalive/eclipse..., appium:databaseEnabled: false, appium:desired: {app: /Users/catalinalive/eclipse..., automationName: UIAutomator2, chromedriverExecutable: /Users/catalinalive/eclipse..., deviceName: AmolAndroidDevice, platformName: ANDROID}, appium:deviceApiLevel: 34, appium:deviceManufacturer: Google, appium:deviceModel: sdk_gphone64_x86_64, appium:deviceName: emulator-5554, appium:deviceScreenDensity: 420, appium:deviceScreenSize: 1080x1920, appium:deviceUDID: emulator-5554, appium:javascriptEnabled: true, appium:locationContextEnabled: false, appium:networkConnectionEnabled: true, appium:pixelRatio: 2.625, appium:platformVersion: 14, appium:statBarHeight: 63, appium:takesScreenshot: true, appium:viewportRect: {height: 1857, left: 0, top: 63, width: 1080}, appium:warnings: {}, appium:webStorageEnabled: false, platformName: ANDROID}
Session ID: 91f62c87-b04f-4ca0-a5f6-bbe0a3fbb3f0
at java.base/jdk.internal.reflect.NativeConstructorAccessorImpl.newInstance0(Native Method)
at java.base/jdk.internal.reflect.NativeConstructorAccessorImpl.newInstance(NativeConstructorAccessorImpl.java:77)
at java.base/jdk.internal.reflect.DelegatingConstructorAccessorImpl.newInstance(DelegatingConstructorAccessorImpl.java:45)
at java.base/java.lang.reflect.Constructor.newInstanceWithCaller(Constructor.java:499)
at java.base/java.lang.reflect.Constructor.newInstance(Constructor.java:480)
at org.openqa.selenium.remote.ErrorCodec.decode(ErrorCodec.java:167)
at org.openqa.selenium.remote.codec.w3c.W3CHttpResponseCodec.decode(W3CHttpResponseCodec.java:138)
at org.openqa.selenium.remote.codec.w3c.W3CHttpResponseCodec.decode(W3CHttpResponseCodec.java:50)
at org.openqa.selenium.remote.HttpCommandExecutor.execute(HttpCommandExecutor.java:190)
at io.appium.java_client.remote.AppiumCommandExecutor.execute(AppiumCommandExecutor.java:237)
at org.openqa.selenium.remote.RemoteWebDriver.execute(RemoteWebDriver.java:545)
at org.openqa.selenium.remote.RemoteWebDriver.executeScript(RemoteWebDriver.java:476)
at org.amolaldar.pom.android.FormPage.preSetupActivity(FormPage.java:83)
at org.amolaldar.AppiumFramework.StartShop.preSetup(StartShop.java:17)
at java.base/jdk.internal.reflect.NativeMethodAccessorImpl.invoke0(Native Method)
at java.base/jdk.internal.reflect.NativeMethodAccessorImpl.invoke(NativeMethodAccessorImpl.java:77)
at java.base/jdk.internal.reflect.DelegatingMethodAccessorImpl.invoke(DelegatingMethodAccessorImpl.java:43)
at java.base/java.lang.reflect.Method.invoke(Method.java:568)
at org.testng.internal.invokers.MethodInvocationHelper.invokeMethod(MethodInvocationHelper.java:141)
at org.testng.internal.invokers.MethodInvocationHelper.invokeMethodConsideringTimeout(MethodInvocationHelper.java:71)
at org.testng.internal.invokers.ConfigInvoker.invokeConfigurationMethod(ConfigInvoker.java:400)
at org.testng.internal.invokers.ConfigInvoker.invokeConfigurations(ConfigInvoker.java:333)
at org.testng.internal.invokers.TestInvoker.runConfigMethods(TestInvoker.java:833)
at org.testng.internal.invokers.TestInvoker.invokeMethod(TestInvoker.java:600)
at org.testng.internal.invokers.TestInvoker.invokeTestMethod(TestInvoker.java:230)
at org.testng.internal.invokers.MethodRunner.runInSequence(MethodRunner.java:63)
at org.testng.internal.invokers.TestInvoker$MethodInvocationAgent.invoke(TestInvoker.java:992)
at org.testng.internal.invokers.TestInvoker.invokeTestMethods(TestInvoker.java:203)
at org.testng.internal.invokers.TestMethodWorker.invokeTestMethods(TestMethodWorker.java:154)
at org.testng.internal.invokers.TestMethodWorker.run(TestMethodWorker.java:134)
at java.base/java.util.ArrayList.forEach(ArrayList.java:1511)
at org.testng.TestRunner.privateRun(TestRunner.java:739)
at org.testng.TestRunner.run(TestRunner.java:614)
at org.testng.SuiteRunner.runTest(SuiteRunner.java:421)
at org.testng.SuiteRunner.runSequentially(SuiteRunner.java:413)
at org.testng.SuiteRunner.privateRun(SuiteRunner.java:373)
at org.testng.SuiteRunner.run(SuiteRunner.java:312)
at org.testng.SuiteRunnerWorker.runSuite(SuiteRunnerWorker.java:52)
at org.testng.SuiteRunnerWorker.run(SuiteRunnerWorker.java:95)
at org.testng.TestNG.runSuitesSequentially(TestNG.java:1274)
at org.testng.TestNG.runSuitesLocally(TestNG.java:1208)
at org.testng.TestNG.runSuites(TestNG.java:1112)
at org.testng.TestNG.run(TestNG.java:1079)
at org.testng.remote.AbstractRemoteTestNG.run(AbstractRemoteTestNG.java:115)
at org.testng.remote.RemoteTestNG.initAndRun(RemoteTestNG.java:293)
at org.testng.remote.RemoteTestNG.main(RemoteTestNG.java:91)
]]>
    </error>
  </testcase> <!-- preSetup -->
  <testcase classname="org.amolaldar.AppiumFramework.StartShop" name="letsShop" time="0.000">
    <skipped/>
  </testcase> <!-- letsShop -->
</testsuite> <!-- org.amolaldar.AppiumFramework.StartShop -->
